 PATH path3934 FOUND 
 0) 458.01,705.38
    446.53,698.63
    435.72,687.51
    415.26,651.03
    399.40,601.25
    398.32,599.38
    379.80,580.04
    382.07,554.92
    387.60,544.59
    392.02,534.66
    390.45,528.31
    383.14,525.78
    370.32,527.31
    348.99,530.17
    330.02,529.37
    317.61,527.08
    311.72,524.47
    308.89,522.59
    302.83,518.94
    298.04,515.29
    289.11,519.95
    279.73,525.62
    277.47,526.63
    273.88,528.37
    267.38,532.45
    259.97,536.44
    239.66,557.82
    236.60,575.32
    238.27,596.48
    238.57,613.15
    234.60,623.89
    226.29,634.19
    207.36,649.66
    188.53,654.63
    171.48,650.28
    155.49,634.81
    154.21,631.93
    152.20,626.82
    150.14,620.27
    145.21,604.82
    136.23,592.66
    120.87,584.81
    102.35,580.69
    84.76,573.57
    72.27,559.81
    68.40,544.98
    70.24,527.84
    77.23,510.52
    88.83,495.17
    103.74,483.64
    116.23,478.15
    120.32,476.47
    157.98,474.08
    197.32,471.89
    205.99,468.71
    224.45,459.11
    238.49,451.20
    244.28,447.34
    252.22,442.53
    255.25,440.49
    257.61,438.63
    266.70,433.78
    276.13,428.30
    288.57,418.76
    289.26,386.30
    285.53,381.81
    276.92,363.21
    274.69,346.58
    279.36,329.83
    286.49,315.39
    289.09,307.31
    284.38,290.48
    282.17,269.41
    281.46,254.71
    279.08,250.47
    263.00,243.64
    258.60,242.39
    254.20,241.16
    246.47,237.76
    237.27,233.60
    231.42,231.61
    225.80,229.79
    206.73,221.50
    195.95,217.11
    164.06,204.66
    158.67,202.74
    143.73,197.93
    125.22,196.96
    105.01,199.00
    67.18,203.77
    36.97,198.21
    25.51,192.13
    16.08,183.19
    9.68,172.64
    7.32,161.72
    13.11,143.13
    27.88,122.15
    32.72,113.75
    34.26,102.31
    32.55,89.96
    25.80,77.03
    22.13,69.58
    19.77,64.50
    17.41,47.70
    18.04,35.12
    22.02,27.30
    32.68,16.53
    47.47,9.60
    65.73,6.69
    86.81,8.01
    105.14,13.00
    120.94,21.68
    133.82,33.77
    143.40,48.99
    151.56,76.26
    156.52,92.20
    168.18,105.72
    188.05,115.80
    213.46,125.22
    246.76,137.47
    251.89,140.07
    255.15,141.37
    261.47,143.38
    268.28,145.40
    272.06,146.76
    276.18,148.11
    279.47,149.29
    284.52,151.86
    296.64,155.95
    303.71,158.65
    306.41,154.86
    309.11,150.16
    315.17,141.38
    321.23,132.60
    324.48,128.12
    333.64,117.14
    345.55,105.23
    354.24,98.48
    380.24,81.84
    413.51,65.32
    422.65,61.41
    429.81,59.19
    434.82,57.54
    477.51,47.40
    530.01,44.94
    582.60,46.74
    630.43,57.72
    640.53,61.14
    679.60,77.27
    689.46,82.77
    714.63,104.28
    718.64,109.01
    728.31,120.84
    734.77,129.25
    745.77,146.43
    749.14,149.46
    768.04,143.31
    774.84,141.38
    778.68,140.22
    796.80,133.21
    814.09,126.29
    818.20,125.21
    823.14,123.96
    847.29,114.77
    862.25,108.10
    873.76,99.34
    881.41,88.90
    884.81,77.17
    890.03,53.86
    901.93,32.52
    909.62,24.21
    911.30,22.92
    938.92,7.31
    966.48,4.40
    992.81,7.20
    1010.95,18.88
    1017.67,30.80
    1020.35,45.71
    1017.43,61.51
    1012.09,72.69
    1006.34,82.73
    1001.57,97.92
    1004.98,110.99
    1013.15,123.09
    1025.94,142.05
    1029.13,152.29
    1029.18,164.33
    1022.41,179.01
    1015.16,187.12
    1004.26,193.31
    972.70,199.92
    939.59,198.11
    904.56,194.29
    884.94,197.24
    844.61,215.51
    829.79,222.27
    796.34,237.77
    790.61,239.73
    788.70,240.97
    784.99,243.05
    778.07,246.68
    775.98,255.80
    770.37,294.38
    768.58,305.52
    769.99,310.75
    780.84,332.69
    783.51,342.79
    784.01,358.44
    779.08,375.90
    773.42,386.76
    772.27,403.42
    772.80,417.01
    775.08,421.76
    778.59,424.29
    781.00,425.68
    800.48,439.20
    803.51,441.77
    804.91,443.15
    807.94,444.52
    829.16,459.32
    830.45,460.41
    844.58,467.50
    866.83,474.41
    890.41,474.67
    924.21,474.61
    942.28,480.33
    947.42,482.87
    970.68,505.64
    975.18,514.21
    979.91,529.32
    980.88,545.97
    974.93,561.74
    962.44,573.67
    940.33,580.60
    916.49,589.32
    905.89,599.33
    900.34,612.26
    891.68,636.18
    876.40,649.43
    856.64,652.82
    837.29,645.51
    816.32,624.93
    810.57,608.59
    812.32,590.69
    814.16,577.02
    811.38,561.65
    807.32,552.95
    799.59,544.19
    783.02,531.71
    771.57,524.60
    764.04,517.70
    760.26,514.21
    753.26,517.64
    737.61,523.98
    721.31,526.39
    680.92,525.06
    674.62,525.22
    673.09,527.64
    678.96,548.52
    685.71,569.48
    684.86,578.95
    673.88,594.37
    666.15,602.94
    663.30,609.87
    654.27,640.80
    652.62,645.13
    640.96,669.86
    637.72,673.56
    636.45,674.96
    631.07,683.64
    617.35,696.77
    601.88,704.53
    598.12,704.73
    596.95,700.66
    590.63,665.74
    589.30,657.40
    588.04,651.38
    580.97,653.64
    565.12,657.22
    545.24,655.35
    525.56,654.63
    499.20,657.01
    481.85,653.05
    476.85,654.12
    471.59,668.20
    468.63,690.73
    466.49,706.35
    457.95,705.44
ERROR

Object origin:
510.930000 350.975000

Eagle Command:
set wire_bend 2;
change layer tDocu;
set width 0;
poly (R -117.468000 -682.509750) (R -139.854000 -669.347250) (R -160.933500 -647.663250) (R -200.830500 -576.527250) (R -231.757500 -479.456250) (R -233.863500 -475.809750) (R -269.977500 -438.096750) (R -265.551000 -389.112750) (R -254.767500 -368.969250) (R -246.148500 -349.605750) (R -249.210000 -337.223250) (R -263.464500 -332.289750) (R -288.463500 -335.273250) (R -330.057000 -340.850250) (R -367.048500 -339.290250) (R -391.248000 -334.824750) (R -402.733500 -329.735250) (R -408.252000 -326.069250) (R -420.069000 -318.951750) (R -429.409500 -311.834250) (R -446.823000 -320.921250) (R -465.114000 -331.977750) (R -469.521000 -333.947250) (R -476.521500 -337.340250) (R -489.196500 -345.296250) (R -503.646000 -353.076750) (R -543.250500 -394.767750) (R -549.217500 -428.892750) (R -545.961000 -470.154750) (R -545.376000 -502.661250) (R -553.117500 -523.604250) (R -569.322000 -543.689250) (R -606.235500 -573.855750) (R -642.954000 -583.547250) (R -676.201500 -575.064750) (R -707.382000 -544.898250) (R -709.878000 -539.282250) (R -713.797500 -529.317750) (R -717.814500 -516.545250) (R -727.428000 -486.417750) (R -744.939000 -462.705750) (R -774.891000 -447.398250) (R -811.005000 -439.364250) (R -845.305500 -425.480250) (R -869.661000 -398.648250) (R -877.207500 -369.729750) (R -873.619500 -336.306750) (R -859.989000 -302.532750) (R -837.369000 -272.600250) (R -808.294500 -250.116750) (R -783.939000 -239.411250) (R -775.963500 -236.135250) (R -702.526500 -231.474750) (R -625.813500 -227.204250) (R -608.907000 -221.003250) (R -572.910000 -202.283250) (R -545.532000 -186.858750) (R -534.241500 -179.331750) (R -518.758500 -169.952250) (R -512.850000 -165.974250) (R -508.248000 -162.347250) (R -490.522500 -152.889750) (R -472.134000 -142.203750) (R -447.876000 -123.600750) (R -446.530500 -60.303750) (R -453.804000 -51.548250) (R -470.593500 -15.278250) (R -474.942000 17.150250) (R -465.835500 49.812750) (R -451.932000 77.970750) (R -446.862000 93.726750) (R -456.046500 126.545250) (R -460.356000 167.631750) (R -461.740500 196.296750) (R -466.381500 204.564750) (R -497.737500 217.883250) (R -506.317500 220.320750) (R -514.897500 222.719250) (R -529.971000 229.349250) (R -547.911000 237.461250) (R -559.318500 241.341750) (R -570.277500 244.890750) (R -607.464000 261.056250) (R -628.485000 269.616750) (R -690.670500 293.894250) (R -701.181000 297.638250) (R -730.314000 307.017750) (R -766.408500 308.909250) (R -805.818000 304.931250) (R -879.586500 295.629750) (R -938.496000 306.471750) (R -960.843000 318.327750) (R -979.231500 335.760750) (R -991.711500 356.333250) (R -996.313500 377.627250) (R -985.023000 413.877750) (R -956.221500 454.788750) (R -946.783500 471.168750) (R -943.780500 493.476750) (R -947.115000 517.559250) (R -960.277500 542.772750) (R -967.434000 557.300250) (R -972.036000 567.206250) (R -976.638000 599.966250) (R -975.409500 624.497250) (R -967.648500 639.746250) (R -946.861500 660.747750) (R -918.021000 674.261250) (R -882.414000 679.935750) (R -841.308000 677.361750) (R -805.564500 667.631250) (R -774.754500 650.705250) (R -749.638500 627.129750) (R -730.957500 597.450750) (R -715.045500 544.274250) (R -705.373500 513.191250) (R -682.636500 486.827250) (R -643.890000 467.171250) (R -594.340500 448.802250) (R -529.405500 424.914750) (R -519.402000 419.844750) (R -513.045000 417.309750) (R -500.721000 413.390250) (R -487.441500 409.451250) (R -480.070500 406.799250) (R -472.036500 404.166750) (R -465.621000 401.865750) (R -455.773500 396.854250) (R -432.139500 388.878750) (R -418.353000 383.613750) (R -413.088000 391.004250) (R -407.823000 400.169250) (R -396.006000 417.290250) (R -384.189000 434.411250) (R -377.851500 443.147250) (R -359.989500 464.558250) (R -336.765000 487.782750) (R -319.819500 500.945250) (R -269.119500 533.393250) (R -204.243000 565.607250) (R -186.420000 573.231750) (R -172.458000 577.560750) (R -162.688500 580.778250) (R -79.443000 600.551250) (R 22.932000 605.348250) (R 125.482500 601.838250) (R 218.751000 580.427250) (R 238.446000 573.758250) (R 314.632500 542.304750) (R 333.859500 531.579750) (R 382.941000 489.635250) (R 390.760500 480.411750) (R 409.617000 457.343250) (R 422.214000 440.943750) (R 443.664000 407.442750) (R 450.235500 401.534250) (R 487.090500 413.526750) (R 500.350500 417.290250) (R 507.838500 419.552250) (R 543.172500 433.221750) (R 576.888000 446.715750) (R 584.902500 448.821750) (R 594.535500 451.259250) (R 641.628000 469.179750) (R 670.800000 482.186250) (R 693.244500 499.268250) (R 708.162000 519.626250) (R 714.792000 542.499750) (R 724.971000 587.954250) (R 748.176000 629.567250) (R 763.171500 645.771750) (R 766.447500 648.287250) (R 820.306500 678.726750) (R 874.048500 684.401250) (R 925.392000 678.941250) (R 960.765000 656.165250) (R 973.869000 632.921250) (R 979.095000 603.846750) (R 973.401000 573.036750) (R 962.988000 551.235750) (R 951.775500 531.657750) (R 942.474000 502.037250) (R 949.123500 476.550750) (R 965.055000 452.955750) (R 989.995500 415.983750) (R 996.216000 396.015750) (R 996.313500 372.537750) (R 983.112000 343.911750) (R 968.974500 328.097250) (R 947.719500 316.026750) (R 886.177500 303.137250) (R 821.613000 306.666750) (R 753.304500 314.115750) (R 715.045500 308.363250) (R 636.402000 272.736750) (R 607.503000 259.554750) (R 542.275500 229.329750) (R 531.102000 225.507750) (R 527.377500 223.089750) (R 520.143000 219.033750) (R 506.649000 211.955250) (R 502.573500 194.171250) (R 491.634000 118.940250) (R 488.143500 97.217250) (R 490.893000 87.018750) (R 512.050500 44.235750) (R 517.257000 24.540750) (R 518.232000 -5.976750) (R 508.618500 -40.023750) (R 497.581500 -61.200750) (R 495.339000 -93.687750) (R 496.372500 -120.188250) (R 500.818500 -129.450750) (R 507.663000 -134.384250) (R 512.362500 -137.094750) (R 550.348500 -163.458750) (R 556.257000 -168.470250) (R 558.987000 -171.161250) (R 564.895500 -173.832750) (R 606.274500 -202.692750) (R 608.790000 -204.818250) (R 636.343500 -218.643750) (R 679.731000 -232.118250) (R 725.712000 -232.625250) (R 791.622000 -232.508250) (R 826.858500 -243.662250) (R 836.881500 -248.615250) (R 882.238500 -293.016750) (R 891.013500 -309.728250) (R 900.237000 -339.192750) (R 902.128500 -371.660250) (R 890.526000 -402.411750) (R 866.170500 -425.675250) (R 823.056000 -439.188750) (R 776.568000 -456.192750) (R 755.898000 -475.712250) (R 745.075500 -500.925750) (R 728.188500 -547.569750) (R 698.392500 -573.407250) (R 659.860500 -580.017750) (R 622.128000 -565.763250) (R 581.236500 -525.632250) (R 570.024000 -493.769250) (R 573.436500 -458.864250) (R 577.024500 -432.207750) (R 571.603500 -402.236250) (R 563.686500 -385.271250) (R 548.613000 -368.189250) (R 516.301500 -343.853250) (R 493.974000 -329.988750) (R 479.290500 -316.533750) (R 471.919500 -309.728250) (R 458.269500 -316.416750) (R 427.752000 -328.779750) (R 395.967000 -333.479250) (R 317.206500 -330.885750) (R 304.921500 -331.197750) (R 301.938000 -335.916750) (R 313.384500 -376.632750) (R 326.547000 -417.504750) (R 324.889500 -435.971250) (R 303.478500 -466.040250) (R 288.405000 -482.751750) (R 282.847500 -496.265250) (R 265.239000 -556.578750) (R 262.021500 -565.022250) (R 239.284500 -613.245750) (R 232.966500 -620.460750) (R 230.490000 -623.190750) (R 219.999000 -640.116750) (R 193.245000 -665.720250) (R 163.078500 -680.852250) (R 155.746500 -681.242250) (R 153.465000 -673.305750) (R 141.141000 -605.211750) (R 138.547500 -588.948750) (R 136.090500 -577.209750) (R 122.304000 -581.616750) (R 91.396500 -588.597750) (R 52.630500 -584.951250) (R 14.254500 -583.547250) (R -37.147500 -588.188250) (R -70.980000 -580.466250) (R -80.730000 -582.552750) (R -90.987000 -610.008750) (R -96.759000 -653.942250) (R -100.932000 -684.401250) (R -117.585000 -682.626750) (R -117.468000 -682.509750);

